<?xml version="1.0" encoding="UTF-8" standalone="no"?>
<!DOCTYPE log SYSTEM "logger.dtd">
<log>
<record>
  <date>2025-05-23T09:19:57.566280900Z</date>
  <millis>1747991997566</millis>
  <nanos>280900</nanos>
  <sequence>0</sequence>
  <logger>collection.ServerLogger</logger>
  <level>INFO</level>
  <class>connection.Server</class>
  <method>run</method>
  <thread>1</thread>
  <message>Сервер запущен на порту 21214</message>
</record>
<record>
  <date>2025-05-23T09:20:04.965708200Z</date>
  <millis>1747992004965</millis>
  <nanos>708200</nanos>
  <sequence>1</sequence>
  <logger>collection.ServerLogger</logger>
  <level>INFO</level>
  <class>connection.Server</class>
  <method>handleClientConnection</method>
  <thread>1</thread>
  <message>Подключен клиент: /192.168.56.1:52180</message>
</record>
<record>
  <date>2025-05-23T09:20:11.470626800Z</date>
  <millis>1747992011470</millis>
  <nanos>626800</nanos>
  <sequence>2</sequence>
  <logger>collection.ServerLogger</logger>
  <level>INFO</level>
  <class>connection.ProcessCommand</class>
  <method>run</method>
  <thread>20</thread>
  <message>Получена команда: authorization
От пользователя: User{login='123'}</message>
</record>
<record>
  <date>2025-05-23T09:20:17.577562600Z</date>
  <millis>1747992017577</millis>
  <nanos>562600</nanos>
  <sequence>3</sequence>
  <logger>collection.ServerLogger</logger>
  <level>INFO</level>
  <class>connection.ProcessCommand</class>
  <method>run</method>
  <thread>22</thread>
  <message>Получена команда: clear
От пользователя: User{login='123'}</message>
</record>
<record>
  <date>2025-05-23T09:20:53.783647200Z</date>
  <millis>1747992053783</millis>
  <nanos>647200</nanos>
  <sequence>4</sequence>
  <logger>collection.ServerLogger</logger>
  <level>INFO</level>
  <class>connection.ProcessCommand</class>
  <method>run</method>
  <thread>23</thread>
  <message>Получена команда: clear
От пользователя: User{login='123'}</message>
</record>
